0 verbose cli [ '/usr/local/bin/node', '/usr/local/bin/npm', 'i', 'vuex@3.1.4' ]
1 info using npm@8.1.2
2 info using node@v16.13.2
3 timing npm:load:whichnode Completed in 1ms
4 timing config:load:defaults Completed in 2ms
5 timing config:load:file:/usr/local/lib/node_modules/npm/npmrc Completed in 2ms
6 timing config:load:builtin Completed in 2ms
7 timing config:load:cli Completed in 2ms
8 timing config:load:env Completed in 0ms
9 timing config:load:project Completed in 1ms
10 timing config:load:file:/myapp/.npmrc Completed in 2ms
11 timing config:load:user Completed in 2ms
12 timing config:load:file:/usr/local/etc/npmrc Completed in 0ms
13 timing config:load:global Completed in 0ms
14 timing config:load:validate Completed in 1ms
15 timing config:load:credentials Completed in 1ms
16 timing config:load:setEnvs Completed in 1ms
17 timing config:load Completed in 12ms
18 timing npm:load:configload Completed in 12ms
19 timing npm:load:setTitle Completed in 1ms
20 timing npm:load:setupLog Completed in 0ms
21 timing config:load:flatten Completed in 6ms
22 timing npm:load:cleanupLog Completed in 3ms
23 timing npm:load:configScope Completed in 0ms
24 timing npm:load:projectScope Completed in 2ms
25 timing npm:load Completed in 29ms
26 timing arborist:ctor Completed in 3ms
27 timing idealTree:init Completed in 653ms
28 timing idealTree:userRequests Completed in 11ms
29 silly idealTree buildDeps
30 silly fetch manifest vuex@3.1.4
31 timing arborist:ctor Completed in 0ms
32 http fetch GET 200 https://registry.npmjs.org/vuex 692ms (cache hit)
33 silly placeDep ROOT vuex@ OK for: myapp@0.1.0 want: 3.1.4
34 timing idealTree:#root Completed in 708ms
35 timing idealTree:node_modules/vuex Completed in 0ms
36 timing idealTree:buildDeps Completed in 710ms
37 timing idealTree:fixDepFlags Completed in 20ms
38 timing idealTree Completed in 1400ms
39 timing command:install Completed in 1435ms
40 verbose type version
41 verbose stack vuex: No matching version found for vuex@3.1.4.
41 verbose stack     at module.exports (/usr/local/lib/node_modules/npm/node_modules/npm-pick-manifest/index.js:209:23)
41 verbose stack     at /usr/local/lib/node_modules/npm/node_modules/pacote/lib/registry.js:118:26
41 verbose stack     at async Arborist.[nodeFromEdge] (/usr/local/lib/node_modules/npm/node_modules/@npmcli/arborist/lib/arborist/build-ideal-tree.js:1061:19)
41 verbose stack     at async Arborist.[buildDepStep] (/usr/local/lib/node_modules/npm/node_modules/@npmcli/arborist/lib/arborist/build-ideal-tree.js:930:11)
41 verbose stack     at async Arborist.buildIdealTree (/usr/local/lib/node_modules/npm/node_modules/@npmcli/arborist/lib/arborist/build-ideal-tree.js:216:7)
41 verbose stack     at async Promise.all (index 1)
41 verbose stack     at async Arborist.reify (/usr/local/lib/node_modules/npm/node_modules/@npmcli/arborist/lib/arborist/reify.js:149:5)
41 verbose stack     at async Install.install (/usr/local/lib/node_modules/npm/lib/install.js:170:5)
42 verbose cwd /myapp
43 verbose Linux 5.10.76-linuxkit
44 verbose argv "/usr/local/bin/node" "/usr/local/bin/npm" "i" "vuex@3.1.4"
45 verbose node v16.13.2
46 verbose npm  v8.1.2
47 error code ETARGET
48 error notarget No matching version found for vuex@3.1.4.
49 error notarget In most cases you or one of your dependencies are requesting
49 error notarget a package version that doesn't exist.
50 verbose exit 1
